100 100 26
450 350 134
5798 20097 279
6738 7397 257
6490 14519 276
9763 4656 262
2240 1861 183
11223 22333 279
57891 88888 351
88888 57891 351
2077 14944 276
7070 2413 262
1514 15388 276
248 3576 217
4539 9764 262
5483 23106 279
9616 18164 279
45411 12123 324
87654 34567 351
99999 14533 351
77778 77779 232
77779 77778 232
13532 45322 324
65490 12289 340
30000 90000 351
2500 2750 191
2750 2799 173
345 72544 340
72544 345 340
1 54332 340
4355 14532 276
9999 99999 351
5 89999 351
3761 18223 279
9515 9112 260
5008 12503 268
2843 8367 262
305 8119 262
9663 12224 268
7947 15094 276
5918 3451 238
107 2244 183
7864 9729 260
11111 11111 56
1 16098 276
12049 36448 324
11264 5632 268
5725 18248 279
8427 15916 276
4154 3133 238
791 21727 279
6149 13630 276
18751 18752 124
142397 142397 39
5964 13872 276
416 14423 276
3922 15546 276
1603 16429 276
6224 19255 279
616 11431 268
6296 19510 279
5601 2541 238
43279 88857 351
32157 75913 340
43221 64229 340
89756 33121 351
23 37 112
88 907 179
8787 89665 351
6 989 179
3342 64221 340
743 21 171
11234 52233 324
9785 98997 351
32315 45694 324
6799 78673 351
3245 235 217
97863 67654 351
3315 3188 168
9871 5329 262
53 399 144
14533 99999 351
75644 46589 340
23245 8543 279
9752 46241 324
754 83567 351
32186 93267 351
97552 56243 351
16434 97784 351
32775 327 308
95631 23642 351
9012 5088 262
1708 23447 279
6992 11764 268
9596 995 262
2688 13376 276
3309 147 217
4446 13015 268
7990 18361 279
8025 20046 279
